<?xml version="1.0" encoding="UTF-8"?>
<testsuite xmlns:xsi="http://www.w3.org/2001/XMLSchema-instance" xsi:noNamespaceSchemaLocation="https://maven.apache.org/surefire/maven-surefire-plugin/xsd/surefire-test-report.xsd" name="com.yjq.programmer.OnlineChatSystemApplicationTest" time="0.061" tests="1" errors="0" skipped="0" failures="0">
  <properties>
    <property name="sun.desktop" value="windows"/>
    <property name="awt.toolkit" value="sun.awt.windows.WToolkit"/>
    <property name="file.encoding.pkg" value="sun.io"/>
    <property name="java.specification.version" value="1.8"/>
    <property name="sun.cpu.isalist" value="amd64"/>
    <property name="sun.jnu.encoding" value="GBK"/>
    <property name="java.class.path" value="G:\must\基于SpringBoot+Vue实现的在线聊天系统\项目源码\OnlineChatSystem\server\target\test-classes;G:\must\基于SpringBoot+Vue实现的在线聊天系统\项目源码\OnlineChatSystem\server\target\classes;D:\maven\maven-repository\org\springframework\boot\spring-boot-starter-web\2.2.5.RELEASE\spring-boot-starter-web-2.2.5.RELEASE.jar;D:\maven\maven-repository\org\springframework\boot\spring-boot-starter\2.2.5.RELEASE\spring-boot-starter-2.2.5.RELEASE.jar;D:\maven\maven-repository\org\springframework\boot\spring-boot-starter-logging\2.2.5.RELEASE\spring-boot-starter-logging-2.2.5.RELEASE.jar;D:\maven\maven-repository\ch\qos\logback\logback-classic\1.2.3\logback-classic-1.2.3.jar;D:\maven\maven-repository\ch\qos\logback\logback-core\1.2.3\logback-core-1.2.3.jar;D:\maven\maven-repository\org\apache\logging\log4j\log4j-to-slf4j\2.12.1\log4j-to-slf4j-2.12.1.jar;D:\maven\maven-repository\org\apache\logging\log4j\log4j-api\2.12.1\log4j-api-2.12.1.jar;D:\maven\maven-repository\org\slf4j\jul-to-slf4j\1.7.30\jul-to-slf4j-1.7.30.jar;D:\maven\maven-repository\jakarta\annotation\jakarta.annotation-api\1.3.5\jakarta.annotation-api-1.3.5.jar;D:\maven\maven-repository\org\springframework\spring-core\5.2.4.RELEASE\spring-core-5.2.4.RELEASE.jar;D:\maven\maven-repository\org\springframework\spring-jcl\5.2.4.RELEASE\spring-jcl-5.2.4.RELEASE.jar;D:\maven\maven-repository\org\yaml\snakeyaml\1.25\snakeyaml-1.25.jar;D:\maven\maven-repository\org\springframework\boot\spring-boot-starter-json\2.2.5.RELEASE\spring-boot-starter-json-2.2.5.RELEASE.jar;D:\maven\maven-repository\com\fasterxml\jackson\core\jackson-databind\2.10.2\jackson-databind-2.10.2.jar;D:\maven\maven-repository\com\fasterxml\jackson\core\jackson-annotations\2.10.2\jackson-annotations-2.10.2.jar;D:\maven\maven-repository\com\fasterxml\jackson\core\jackson-core\2.10.2\jackson-core-2.10.2.jar;D:\maven\maven-repository\com\fasterxml\jackson\datatype\jackson-datatype-jdk8\2.10.2\jackson-datatype-jdk8-2.10.2.jar;D:\maven\maven-repository\com\fasterxml\jackson\datatype\jackson-datatype-jsr310\2.10.2\jackson-datatype-jsr310-2.10.2.jar;D:\maven\maven-repository\com\fasterxml\jackson\module\jackson-module-parameter-names\2.10.2\jackson-module-parameter-names-2.10.2.jar;D:\maven\maven-repository\org\springframework\boot\spring-boot-starter-tomcat\2.2.5.RELEASE\spring-boot-starter-tomcat-2.2.5.RELEASE.jar;D:\maven\maven-repository\org\apache\tomcat\embed\tomcat-embed-core\9.0.31\tomcat-embed-core-9.0.31.jar;D:\maven\maven-repository\org\apache\tomcat\embed\tomcat-embed-el\9.0.31\tomcat-embed-el-9.0.31.jar;D:\maven\maven-repository\org\apache\tomcat\embed\tomcat-embed-websocket\9.0.31\tomcat-embed-websocket-9.0.31.jar;D:\maven\maven-repository\org\springframework\boot\spring-boot-starter-validation\2.2.5.RELEASE\spring-boot-starter-validation-2.2.5.RELEASE.jar;D:\maven\maven-repository\jakarta\validation\jakarta.validation-api\2.0.2\jakarta.validation-api-2.0.2.jar;D:\maven\maven-repository\org\hibernate\validator\hibernate-validator\6.0.18.Final\hibernate-validator-6.0.18.Final.jar;D:\maven\maven-repository\org\jboss\logging\jboss-logging\3.4.1.Final\jboss-logging-3.4.1.Final.jar;D:\maven\maven-repository\com\fasterxml\classmate\1.5.1\classmate-1.5.1.jar;D:\maven\maven-repository\org\springframework\spring-web\5.2.4.RELEASE\spring-web-5.2.4.RELEASE.jar;D:\maven\maven-repository\org\springframework\spring-beans\5.2.4.RELEASE\spring-beans-5.2.4.RELEASE.jar;D:\maven\maven-repository\org\springframework\spring-webmvc\5.2.4.RELEASE\spring-webmvc-5.2.4.RELEASE.jar;D:\maven\maven-repository\org\springframework\spring-aop\5.2.4.RELEASE\spring-aop-5.2.4.RELEASE.jar;D:\maven\maven-repository\org\springframework\spring-context\5.2.4.RELEASE\spring-context-5.2.4.RELEASE.jar;D:\maven\maven-repository\org\springframework\spring-expression\5.2.4.RELEASE\spring-expression-5.2.4.RELEASE.jar;D:\maven\maven-repository\mysql\mysql-connector-java\5.1.6\mysql-connector-java-5.1.6.jar;D:\maven\maven-repository\org\springframework\boot\spring-boot-starter-websocket\2.2.5.RELEASE\spring-boot-starter-websocket-2.2.5.RELEASE.jar;D:\maven\maven-repository\org\springframework\spring-messaging\5.2.4.RELEASE\spring-messaging-5.2.4.RELEASE.jar;D:\maven\maven-repository\org\springframework\spring-websocket\5.2.4.RELEASE\spring-websocket-5.2.4.RELEASE.jar;D:\maven\maven-repository\commons-io\commons-io\2.4\commons-io-2.4.jar;D:\maven\maven-repository\com\alibaba\druid\1.1.19\druid-1.1.19.jar;D:\maven\maven-repository\org\springframework\boot\spring-boot-devtools\2.0.4.RELEASE\spring-boot-devtools-2.0.4.RELEASE.jar;D:\maven\maven-repository\org\springframework\boot\spring-boot\2.2.5.RELEASE\spring-boot-2.2.5.RELEASE.jar;D:\maven\maven-repository\org\springframework\boot\spring-boot-autoconfigure\2.2.5.RELEASE\spring-boot-autoconfigure-2.2.5.RELEASE.jar;D:\maven\maven-repository\com\alibaba\fastjson\1.2.31\fastjson-1.2.31.jar;D:\maven\maven-repository\com\github\pagehelper\pagehelper-spring-boot-starter\1.2.13\pagehelper-spring-boot-starter-1.2.13.jar;D:\maven\maven-repository\com\github\pagehelper\pagehelper-spring-boot-autoconfigure\1.2.13\pagehelper-spring-boot-autoconfigure-1.2.13.jar;D:\maven\maven-repository\com\github\pagehelper\pagehelper\5.1.11\pagehelper-5.1.11.jar;D:\maven\maven-repository\com\github\jsqlparser\jsqlparser\2.0\jsqlparser-2.0.jar;D:\maven\maven-repository\org\mybatis\spring\boot\mybatis-spring-boot-starter\1.3.2\mybatis-spring-boot-starter-1.3.2.jar;D:\maven\maven-repository\org\springframework\boot\spring-boot-starter-jdbc\2.2.5.RELEASE\spring-boot-starter-jdbc-2.2.5.RELEASE.jar;D:\maven\maven-repository\com\zaxxer\HikariCP\3.4.2\HikariCP-3.4.2.jar;D:\maven\maven-repository\org\springframework\spring-jdbc\5.2.4.RELEASE\spring-jdbc-5.2.4.RELEASE.jar;D:\maven\maven-repository\org\mybatis\spring\boot\mybatis-spring-boot-autoconfigure\1.3.2\mybatis-spring-boot-autoconfigure-1.3.2.jar;D:\maven\maven-repository\org\mybatis\mybatis\3.4.6\mybatis-3.4.6.jar;D:\maven\maven-repository\org\mybatis\mybatis-spring\1.3.2\mybatis-spring-1.3.2.jar;D:\maven\maven-repository\junit\junit\4.12\junit-4.12.jar;D:\maven\maven-repository\org\hamcrest\hamcrest-core\2.1\hamcrest-core-2.1.jar;D:\maven\maven-repository\org\hamcrest\hamcrest\2.1\hamcrest-2.1.jar;D:\maven\maven-repository\org\springframework\boot\spring-boot-starter-data-redis\2.2.5.RELEASE\spring-boot-starter-data-redis-2.2.5.RELEASE.jar;D:\maven\maven-repository\org\springframework\data\spring-data-redis\2.2.5.RELEASE\spring-data-redis-2.2.5.RELEASE.jar;D:\maven\maven-repository\org\springframework\data\spring-data-keyvalue\2.2.5.RELEASE\spring-data-keyvalue-2.2.5.RELEASE.jar;D:\maven\maven-repository\org\springframework\data\spring-data-commons\2.2.5.RELEASE\spring-data-commons-2.2.5.RELEASE.jar;D:\maven\maven-repository\org\springframework\spring-tx\5.2.4.RELEASE\spring-tx-5.2.4.RELEASE.jar;D:\maven\maven-repository\org\springframework\spring-oxm\5.2.4.RELEASE\spring-oxm-5.2.4.RELEASE.jar;D:\maven\maven-repository\org\springframework\spring-context-support\5.2.4.RELEASE\spring-context-support-5.2.4.RELEASE.jar;D:\maven\maven-repository\org\slf4j\slf4j-api\1.7.30\slf4j-api-1.7.30.jar;D:\maven\maven-repository\io\lettuce\lettuce-core\5.2.2.RELEASE\lettuce-core-5.2.2.RELEASE.jar;D:\maven\maven-repository\io\netty\netty-common\4.1.45.Final\netty-common-4.1.45.Final.jar;D:\maven\maven-repository\io\netty\netty-handler\4.1.45.Final\netty-handler-4.1.45.Final.jar;D:\maven\maven-repository\io\netty\netty-buffer\4.1.45.Final\netty-buffer-4.1.45.Final.jar;D:\maven\maven-repository\io\netty\netty-codec\4.1.45.Final\netty-codec-4.1.45.Final.jar;D:\maven\maven-repository\io\netty\netty-transport\4.1.45.Final\netty-transport-4.1.45.Final.jar;D:\maven\maven-repository\io\netty\netty-resolver\4.1.45.Final\netty-resolver-4.1.45.Final.jar;D:\maven\maven-repository\io\projectreactor\reactor-core\3.3.3.RELEASE\reactor-core-3.3.3.RELEASE.jar;D:\maven\maven-repository\org\reactivestreams\reactive-streams\1.0.3\reactive-streams-1.0.3.jar;"/>
    <property name="java.vm.vendor" value="Oracle Corporation"/>
    <property name="sun.arch.data.model" value="64"/>
    <property name="user.variant" value=""/>
    <property name="java.vendor.url" value="http://java.oracle.com/"/>
    <property name="user.timezone" value="Asia/Shanghai"/>
    <property name="java.vm.specification.version" value="1.8"/>
    <property name="os.name" value="Windows 10"/>
    <property name="user.country" value="CN"/>
    <property name="sun.java.launcher" value="SUN_STANDARD"/>
    <property name="sun.boot.library.path" value="D:\JAVA\jdk1.8.0_301\jre\bin"/>
    <property name="sun.java.command" value="C:\Users\ljunz\AppData\Local\Temp\surefire8760927207835164353\surefirebooter8163114303462291733.jar C:\Users\ljunz\AppData\Local\Temp\surefire8760927207835164353 2023-04-24T16-13-15_861-jvmRun1 surefire7603047067905101616tmp surefire_0289296438313505941tmp"/>
    <property name="surefire.test.class.path" value="G:\must\基于SpringBoot+Vue实现的在线聊天系统\项目源码\OnlineChatSystem\server\target\test-classes;G:\must\基于SpringBoot+Vue实现的在线聊天系统\项目源码\OnlineChatSystem\server\target\classes;D:\maven\maven-repository\org\springframework\boot\spring-boot-starter-web\2.2.5.RELEASE\spring-boot-starter-web-2.2.5.RELEASE.jar;D:\maven\maven-repository\org\springframework\boot\spring-boot-starter\2.2.5.RELEASE\spring-boot-starter-2.2.5.RELEASE.jar;D:\maven\maven-repository\org\springframework\boot\spring-boot-starter-logging\2.2.5.RELEASE\spring-boot-starter-logging-2.2.5.RELEASE.jar;D:\maven\maven-repository\ch\qos\logback\logback-classic\1.2.3\logback-classic-1.2.3.jar;D:\maven\maven-repository\ch\qos\logback\logback-core\1.2.3\logback-core-1.2.3.jar;D:\maven\maven-repository\org\apache\logging\log4j\log4j-to-slf4j\2.12.1\log4j-to-slf4j-2.12.1.jar;D:\maven\maven-repository\org\apache\logging\log4j\log4j-api\2.12.1\log4j-api-2.12.1.jar;D:\maven\maven-repository\org\slf4j\jul-to-slf4j\1.7.30\jul-to-slf4j-1.7.30.jar;D:\maven\maven-repository\jakarta\annotation\jakarta.annotation-api\1.3.5\jakarta.annotation-api-1.3.5.jar;D:\maven\maven-repository\org\springframework\spring-core\5.2.4.RELEASE\spring-core-5.2.4.RELEASE.jar;D:\maven\maven-repository\org\springframework\spring-jcl\5.2.4.RELEASE\spring-jcl-5.2.4.RELEASE.jar;D:\maven\maven-repository\org\yaml\snakeyaml\1.25\snakeyaml-1.25.jar;D:\maven\maven-repository\org\springframework\boot\spring-boot-starter-json\2.2.5.RELEASE\spring-boot-starter-json-2.2.5.RELEASE.jar;D:\maven\maven-repository\com\fasterxml\jackson\core\jackson-databind\2.10.2\jackson-databind-2.10.2.jar;D:\maven\maven-repository\com\fasterxml\jackson\core\jackson-annotations\2.10.2\jackson-annotations-2.10.2.jar;D:\maven\maven-repository\com\fasterxml\jackson\core\jackson-core\2.10.2\jackson-core-2.10.2.jar;D:\maven\maven-repository\com\fasterxml\jackson\datatype\jackson-datatype-jdk8\2.10.2\jackson-datatype-jdk8-2.10.2.jar;D:\maven\maven-repository\com\fasterxml\jackson\datatype\jackson-datatype-jsr310\2.10.2\jackson-datatype-jsr310-2.10.2.jar;D:\maven\maven-repository\com\fasterxml\jackson\module\jackson-module-parameter-names\2.10.2\jackson-module-parameter-names-2.10.2.jar;D:\maven\maven-repository\org\springframework\boot\spring-boot-starter-tomcat\2.2.5.RELEASE\spring-boot-starter-tomcat-2.2.5.RELEASE.jar;D:\maven\maven-repository\org\apache\tomcat\embed\tomcat-embed-core\9.0.31\tomcat-embed-core-9.0.31.jar;D:\maven\maven-repository\org\apache\tomcat\embed\tomcat-embed-el\9.0.31\tomcat-embed-el-9.0.31.jar;D:\maven\maven-repository\org\apache\tomcat\embed\tomcat-embed-websocket\9.0.31\tomcat-embed-websocket-9.0.31.jar;D:\maven\maven-repository\org\springframework\boot\spring-boot-starter-validation\2.2.5.RELEASE\spring-boot-starter-validation-2.2.5.RELEASE.jar;D:\maven\maven-repository\jakarta\validation\jakarta.validation-api\2.0.2\jakarta.validation-api-2.0.2.jar;D:\maven\maven-repository\org\hibernate\validator\hibernate-validator\6.0.18.Final\hibernate-validator-6.0.18.Final.jar;D:\maven\maven-repository\org\jboss\logging\jboss-logging\3.4.1.Final\jboss-logging-3.4.1.Final.jar;D:\maven\maven-repository\com\fasterxml\classmate\1.5.1\classmate-1.5.1.jar;D:\maven\maven-repository\org\springframework\spring-web\5.2.4.RELEASE\spring-web-5.2.4.RELEASE.jar;D:\maven\maven-repository\org\springframework\spring-beans\5.2.4.RELEASE\spring-beans-5.2.4.RELEASE.jar;D:\maven\maven-repository\org\springframework\spring-webmvc\5.2.4.RELEASE\spring-webmvc-5.2.4.RELEASE.jar;D:\maven\maven-repository\org\springframework\spring-aop\5.2.4.RELEASE\spring-aop-5.2.4.RELEASE.jar;D:\maven\maven-repository\org\springframework\spring-context\5.2.4.RELEASE\spring-context-5.2.4.RELEASE.jar;D:\maven\maven-repository\org\springframework\spring-expression\5.2.4.RELEASE\spring-expression-5.2.4.RELEASE.jar;D:\maven\maven-repository\mysql\mysql-connector-java\5.1.6\mysql-connector-java-5.1.6.jar;D:\maven\maven-repository\org\springframework\boot\spring-boot-starter-websocket\2.2.5.RELEASE\spring-boot-starter-websocket-2.2.5.RELEASE.jar;D:\maven\maven-repository\org\springframework\spring-messaging\5.2.4.RELEASE\spring-messaging-5.2.4.RELEASE.jar;D:\maven\maven-repository\org\springframework\spring-websocket\5.2.4.RELEASE\spring-websocket-5.2.4.RELEASE.jar;D:\maven\maven-repository\commons-io\commons-io\2.4\commons-io-2.4.jar;D:\maven\maven-repository\com\alibaba\druid\1.1.19\druid-1.1.19.jar;D:\maven\maven-repository\org\springframework\boot\spring-boot-devtools\2.0.4.RELEASE\spring-boot-devtools-2.0.4.RELEASE.jar;D:\maven\maven-repository\org\springframework\boot\spring-boot\2.2.5.RELEASE\spring-boot-2.2.5.RELEASE.jar;D:\maven\maven-repository\org\springframework\boot\spring-boot-autoconfigure\2.2.5.RELEASE\spring-boot-autoconfigure-2.2.5.RELEASE.jar;D:\maven\maven-repository\com\alibaba\fastjson\1.2.31\fastjson-1.2.31.jar;D:\maven\maven-repository\com\github\pagehelper\pagehelper-spring-boot-starter\1.2.13\pagehelper-spring-boot-starter-1.2.13.jar;D:\maven\maven-repository\com\github\pagehelper\pagehelper-spring-boot-autoconfigure\1.2.13\pagehelper-spring-boot-autoconfigure-1.2.13.jar;D:\maven\maven-repository\com\github\pagehelper\pagehelper\5.1.11\pagehelper-5.1.11.jar;D:\maven\maven-repository\com\github\jsqlparser\jsqlparser\2.0\jsqlparser-2.0.jar;D:\maven\maven-repository\org\mybatis\spring\boot\mybatis-spring-boot-starter\1.3.2\mybatis-spring-boot-starter-1.3.2.jar;D:\maven\maven-repository\org\springframework\boot\spring-boot-starter-jdbc\2.2.5.RELEASE\spring-boot-starter-jdbc-2.2.5.RELEASE.jar;D:\maven\maven-repository\com\zaxxer\HikariCP\3.4.2\HikariCP-3.4.2.jar;D:\maven\maven-repository\org\springframework\spring-jdbc\5.2.4.RELEASE\spring-jdbc-5.2.4.RELEASE.jar;D:\maven\maven-repository\org\mybatis\spring\boot\mybatis-spring-boot-autoconfigure\1.3.2\mybatis-spring-boot-autoconfigure-1.3.2.jar;D:\maven\maven-repository\org\mybatis\mybatis\3.4.6\mybatis-3.4.6.jar;D:\maven\maven-repository\org\mybatis\mybatis-spring\1.3.2\mybatis-spring-1.3.2.jar;D:\maven\maven-repository\junit\junit\4.12\junit-4.12.jar;D:\maven\maven-repository\org\hamcrest\hamcrest-core\2.1\hamcrest-core-2.1.jar;D:\maven\maven-repository\org\hamcrest\hamcrest\2.1\hamcrest-2.1.jar;D:\maven\maven-repository\org\springframework\boot\spring-boot-starter-data-redis\2.2.5.RELEASE\spring-boot-starter-data-redis-2.2.5.RELEASE.jar;D:\maven\maven-repository\org\springframework\data\spring-data-redis\2.2.5.RELEASE\spring-data-redis-2.2.5.RELEASE.jar;D:\maven\maven-repository\org\springframework\data\spring-data-keyvalue\2.2.5.RELEASE\spring-data-keyvalue-2.2.5.RELEASE.jar;D:\maven\maven-repository\org\springframework\data\spring-data-commons\2.2.5.RELEASE\spring-data-commons-2.2.5.RELEASE.jar;D:\maven\maven-repository\org\springframework\spring-tx\5.2.4.RELEASE\spring-tx-5.2.4.RELEASE.jar;D:\maven\maven-repository\org\springframework\spring-oxm\5.2.4.RELEASE\spring-oxm-5.2.4.RELEASE.jar;D:\maven\maven-repository\org\springframework\spring-context-support\5.2.4.RELEASE\spring-context-support-5.2.4.RELEASE.jar;D:\maven\maven-repository\org\slf4j\slf4j-api\1.7.30\slf4j-api-1.7.30.jar;D:\maven\maven-repository\io\lettuce\lettuce-core\5.2.2.RELEASE\lettuce-core-5.2.2.RELEASE.jar;D:\maven\maven-repository\io\netty\netty-common\4.1.45.Final\netty-common-4.1.45.Final.jar;D:\maven\maven-repository\io\netty\netty-handler\4.1.45.Final\netty-handler-4.1.45.Final.jar;D:\maven\maven-repository\io\netty\netty-buffer\4.1.45.Final\netty-buffer-4.1.45.Final.jar;D:\maven\maven-repository\io\netty\netty-codec\4.1.45.Final\netty-codec-4.1.45.Final.jar;D:\maven\maven-repository\io\netty\netty-transport\4.1.45.Final\netty-transport-4.1.45.Final.jar;D:\maven\maven-repository\io\netty\netty-resolver\4.1.45.Final\netty-resolver-4.1.45.Final.jar;D:\maven\maven-repository\io\projectreactor\reactor-core\3.3.3.RELEASE\reactor-core-3.3.3.RELEASE.jar;D:\maven\maven-repository\org\reactivestreams\reactive-streams\1.0.3\reactive-streams-1.0.3.jar;"/>
    <property name="sun.cpu.endian" value="little"/>
    <property name="user.home" value="C:\Users\ljunz"/>
    <property name="user.language" value="zh"/>
    <property name="java.specification.vendor" value="Oracle Corporation"/>
    <property name="java.home" value="D:\JAVA\jdk1.8.0_301\jre"/>
    <property name="basedir" value="G:\must\基于SpringBoot+Vue实现的在线聊天系统\项目源码\OnlineChatSystem\server"/>
    <property name="file.separator" value="\"/>
    <property name="line.separator" value="&#10;"/>
    <property name="java.vm.specification.vendor" value="Oracle Corporation"/>
    <property name="java.specification.name" value="Java Platform API Specification"/>
    <property name="java.awt.graphicsenv" value="sun.awt.Win32GraphicsEnvironment"/>
    <property name="surefire.real.class.path" value="C:\Users\ljunz\AppData\Local\Temp\surefire8760927207835164353\surefirebooter8163114303462291733.jar"/>
    <property name="sun.boot.class.path" value="D:\JAVA\jdk1.8.0_301\jre\lib\resources.jar;D:\JAVA\jdk1.8.0_301\jre\lib\rt.jar;D:\JAVA\jdk1.8.0_301\jre\lib\sunrsasign.jar;D:\JAVA\jdk1.8.0_301\jre\lib\jsse.jar;D:\JAVA\jdk1.8.0_301\jre\lib\jce.jar;D:\JAVA\jdk1.8.0_301\jre\lib\charsets.jar;D:\JAVA\jdk1.8.0_301\jre\lib\jfr.jar;D:\JAVA\jdk1.8.0_301\jre\classes"/>
    <property name="user.script" value=""/>
    <property name="sun.management.compiler" value="HotSpot 64-Bit Tiered Compilers"/>
    <property name="java.runtime.version" value="1.8.0_301-b09"/>
    <property name="user.name" value="钢铁萌萌侠mk2"/>
    <property name="path.separator" value=";"/>
    <property name="os.version" value="10.0"/>
    <property name="java.endorsed.dirs" value="D:\JAVA\jdk1.8.0_301\jre\lib\endorsed"/>
    <property name="java.runtime.name" value="Java(TM) SE Runtime Environment"/>
    <property name="file.encoding" value="GBK"/>
    <property name="java.vm.name" value="Java HotSpot(TM) 64-Bit Server VM"/>
    <property name="localRepository" value="D:\maven\maven-repository"/>
    <property name="java.vendor.url.bug" value="http://bugreport.sun.com/bugreport/"/>
    <property name="java.io.tmpdir" value="C:\Users\ljunz\AppData\Local\Temp\"/>
    <property name="idea.version" value="2022.1.2"/>
    <property name="java.version" value="1.8.0_301"/>
    <property name="user.dir" value="G:\must\基于SpringBoot+Vue实现的在线聊天系统\项目源码\OnlineChatSystem\server"/>
    <property name="os.arch" value="amd64"/>
    <property name="java.vm.specification.name" value="Java Virtual Machine Specification"/>
    <property name="java.awt.printerjob" value="sun.awt.windows.WPrinterJob"/>
    <property name="sun.os.patch.level" value=""/>
    <property name="java.library.path" value="D:\JAVA\jdk1.8.0_301\jre\bin;C:\WINDOWS\Sun\Java\bin;C:\WINDOWS\system32;C:\WINDOWS;D:\JAVA\jdk1.8.0_301\bin;D:\JAVA\jdk1.8.0_301\jre\bin;G:\VMware\bin\;C:\Program Files (x86)\Razer Chroma SDK\bin;C:\Program Files\Razer Chroma SDK\bin;C:\Program Files (x86)\Razer\ChromaBroadcast\bin;C:\Program Files\Razer\ChromaBroadcast\bin;C:\Windows\system32;C:\Windows;C:\Windows\System32\Wbem;C:\Windows\System32\WindowsPowerShell\v1.0\;C:\Windows\System32\OpenSSH\;C:\Program Files (x86)\NVIDIA Corporation\PhysX\Common;C:\Program Files\NVIDIA Corporation\NVIDIA NvDLISR;C:\WINDOWS\system32;C:\WINDOWS;C:\WINDOWS\System32\Wbem;C:\WINDOWS\System32\WindowsPowerShell\v1.0\;C:\WINDOWS\System32\OpenSSH\;C:\WINDOWS\system32\config\systemprofile\AppData\Local\Microsoft\WindowsApps;C:\Program Files\dotnet\;C:\Program Files (x86)\dotnet\;C:\Users\ljunz\AppData\Local\Programs\Python\Python310\Scripts\;C:\Users\ljunz\AppData\Local\Programs\Python\Python310\;C:\Users\ljunz\AppData\Local\Microsoft\WindowsApps;C:\Users\ljunz\AppData\Local\Programs\Microsoft VS Code\bin;D:\maven\apache-maven-3.8.4\bin;D:\nodejs\;D:\nodejs\node_global;D:\Git\bin;C:\mingw64\bin;D:\vim\vim90;G:\New Folder\;C:\Users\ljunz\AppData\Local\Programs\Python\Python310\Scripts\;C:\Users\ljunz\AppData\Local\Programs\Python\Python310\;C:\Users\ljunz\AppData\Local\Microsoft\WindowsApps;C:\Users\ljunz\AppData\Local\Programs\Microsoft VS Code\bin;D:\MySQL\mysql-5.7.19-winx64\bin;D:\maven\apache-maven-3.8.4\bin;D:\nodejsTools\node_global;D:\nodejs\node_global;."/>
    <property name="java.vm.info" value="mixed mode"/>
    <property name="java.vendor" value="Oracle Corporation"/>
    <property name="java.vm.version" value="25.301-b09"/>
    <property name="java.ext.dirs" value="D:\JAVA\jdk1.8.0_301\jre\lib\ext;C:\WINDOWS\Sun\Java\lib\ext"/>
    <property name="sun.io.unicode.encoding" value="UnicodeLittle"/>
    <property name="java.class.version" value="52.0"/>
  </properties>
  <testcase name="shouldAnswerWithTrue" classname="com.yjq.programmer.OnlineChatSystemApplicationTest" time="0.001"/>
</testsuite>